Arguments: 
  /Users/toffick/.nvm/versions/node/v17.2.0/bin/node /opt/homebrew/Cellar/yarn/1.22.18/libexec/bin/yarn.js

PATH: 
  /Users/toffick/.nvm/versions/node/v17.2.0/bin:/opt/homebrew/bin:/opt/homebrew/sbin:/usr/local/bin:/usr/bin:/bin:/usr/sbin:/sbin:/Users/toffick/.nvm/versions/node/v16.13.1/bin:/opt/homebrew/bin:/opt/homebrew/sbin

Yarn version: 
  1.22.18

Node version: 
  17.2.0

Platform: 
  darwin arm64

Trace: 
  Error: Failed to replace env in config: ${NPM_TOKEN}
      at /opt/homebrew/Cellar/yarn/1.22.18/libexec/lib/cli.js:94926:13
      at String.replace (<anonymous>)
      at envReplace (/opt/homebrew/Cellar/yarn/1.22.18/libexec/lib/cli.js:94921:16)
      at Function.normalizeConfig (/opt/homebrew/Cellar/yarn/1.22.18/libexec/lib/cli.js:31930:69)
      at NpmRegistry.<anonymous> (/opt/homebrew/Cellar/yarn/1.22.18/libexec/lib/cli.js:31960:34)
      at Generator.next (<anonymous>)
      at step (/opt/homebrew/Cellar/yarn/1.22.18/libexec/lib/cli.js:310:30)
      at /opt/homebrew/Cellar/yarn/1.22.18/libexec/lib/cli.js:321:13

npm manifest: 
  {
    "name": "@apeswapfinance/sdk",
    "license": "MIT",
    "version": "2.0.0-alpha.14",
    "description": "🛠 An SDK for building applications on top of ApeSwap.",
    "main": "dist/index.js",
    "typings": "dist/index.d.ts",
    "files": [
      "dist"
    ],
    "repository": "https://github.com/ApeSwapFinance/apeswap-sdk",
    "keywords": [
      "uniswap",
      "sushiswap",
      "apeswap"
    ],
    "module": "dist/sdk.esm.js",
    "scripts": {
      "lint": "tsdx lint src test",
      "build": "tsdx build",
      "start": "tsdx watch",
      "test": "tsdx test",
      "prepublishOnly": "tsdx build"
    },
    "dependencies": {
      "@uniswap/v2-core": "^1.0.0",
      "big.js": "^5.2.2",
      "decimal.js-light": "^2.5.0",
      "jsbi": "^3.1.1",
      "tiny-invariant": "^1.1.0",
      "tiny-warning": "^1.0.3",
      "toformat": "^2.0.0"
    },
    "peerDependencies": {
      "@ethersproject/address": "^5.0.0-beta",
      "@ethersproject/contracts": "^5.0.0-beta",
      "@ethersproject/networks": "^5.0.0-beta",
      "@ethersproject/providers": "^5.0.0-beta",
      "@ethersproject/solidity": "^5.0.0-beta"
    },
    "devDependencies": {
      "@ethersproject/address": "^5.0.2",
      "@ethersproject/contracts": "^5.0.2",
      "@ethersproject/networks": "^5.0.2",
      "@ethersproject/providers": "^5.0.5",
      "@ethersproject/solidity": "^5.0.2",
      "@types/big.js": "^4.0.5",
      "@types/jest": "^24.0.25",
      "babel-plugin-transform-jsbi-to-bigint": "^1.3.1",
      "tsdx": "^0.12.3"
    },
    "engines": {
      "node": ">=10"
    },
    "prettier": {
      "printWidth": 120,
      "semi": false,
      "singleQuote": true
    }
  }

yarn manifest: 
  No manifest

Lockfile: 
  No lockfile
